0 info it worked if it ends with ok
1 verbose cli [ 'node', '/usr/bin/npm', 'publish' ]
2 info using npm@1.1.45
3 info using node@v0.8.4
4 verbose node symlink /usr/bin/node
5 verbose config file /home/da01/.npmrc
6 verbose config file /usr/etc/npmrc
7 verbose config file /usr/lib/node_modules/npm/npmrc
8 verbose publish [ '.' ]
9 verbose read json /home/da01/MyLife/apps/GEMS/Englishy_Parser/package.json
10 verbose cache add [ '.', null ]
11 silly cache add name=undefined spec="." args=[".",null]
12 verbose parsed url { pathname: '.', path: '.', href: '.' }
13 silly lockFile 3a52ce78- .
14 verbose lock . /home/da01/.npm/3a52ce78-.lock
15 verbose read json package.json
16 verbose tar pack [ '/home/da01/tmp/npm-22162/1344005720589-0.7741708436515182/tmp.tgz',
16 verbose tar pack   '.' ]
17 verbose tarball /home/da01/tmp/npm-22162/1344005720589-0.7741708436515182/tmp.tgz
18 verbose folder .
19 info prepublish Englishy_Parser@0.1.0
20 silly lockFile 2ad2bbde-20589-0-7741708436515182-tmp-tgz /home/da01/tmp/npm-22162/1344005720589-0.7741708436515182/tmp.tgz
21 verbose lock /home/da01/tmp/npm-22162/1344005720589-0.7741708436515182/tmp.tgz /home/da01/.npm/2ad2bbde-20589-0-7741708436515182-tmp-tgz.lock
22 silly lockFile 2ad2bbde-20589-0-7741708436515182-tmp-tgz /home/da01/tmp/npm-22162/1344005720589-0.7741708436515182/tmp.tgz
23 verbose tar unpack /home/da01/tmp/npm-22162/1344005720589-0.7741708436515182/tmp.tgz
24 silly lockFile c20a6e24-20589-0-7741708436515182-package /home/da01/tmp/npm-22162/1344005720589-0.7741708436515182/package
25 verbose lock /home/da01/tmp/npm-22162/1344005720589-0.7741708436515182/package /home/da01/.npm/c20a6e24-20589-0-7741708436515182-package.lock
26 silly gunzTarPerm modes [ '755', '644' ]
27 silly gunzTarPerm extractEntry package.json
28 silly gunzTarPerm modified mode [ 'package.json', 436, 420 ]
29 silly gunzTarPerm extractEntry .npmignore
30 silly gunzTarPerm modified mode [ '.npmignore', 436, 420 ]
31 silly gunzTarPerm extractEntry README.md
32 silly gunzTarPerm modified mode [ 'README.md', 436, 420 ]
33 silly gunzTarPerm extractEntry lib/index.js
34 silly gunzTarPerm modified mode [ 'lib/index.js', 436, 420 ]
35 silly gunzTarPerm extractEntry src/index.coffee
36 silly gunzTarPerm modified mode [ 'src/index.coffee', 436, 420 ]
37 silly gunzTarPerm extractEntry test/test.coffee
38 silly gunzTarPerm modified mode [ 'test/test.coffee', 436, 420 ]
39 silly gunzTarPerm extractEntry watch.coffee
40 silly gunzTarPerm modified mode [ 'watch.coffee', 436, 420 ]
41 verbose read json /home/da01/tmp/npm-22162/1344005720589-0.7741708436515182/package/package.json
42 silly lockFile c20a6e24-20589-0-7741708436515182-package /home/da01/tmp/npm-22162/1344005720589-0.7741708436515182/package
43 verbose from cache /home/da01/tmp/npm-22162/1344005720589-0.7741708436515182/package/package.json
44 verbose tar pack [ '/home/da01/.npm/Englishy_Parser/0.1.0/package.tgz',
44 verbose tar pack   '/home/da01/tmp/npm-22162/1344005720589-0.7741708436515182/package' ]
45 verbose tarball /home/da01/.npm/Englishy_Parser/0.1.0/package.tgz
46 verbose folder /home/da01/tmp/npm-22162/1344005720589-0.7741708436515182/package
47 silly lockFile e61e2e2b-nglishy-Parser-0-1-0-package-tgz /home/da01/.npm/Englishy_Parser/0.1.0/package.tgz
48 verbose lock /home/da01/.npm/Englishy_Parser/0.1.0/package.tgz /home/da01/.npm/e61e2e2b-nglishy-Parser-0-1-0-package-tgz.lock
49 silly lockFile e61e2e2b-nglishy-Parser-0-1-0-package-tgz /home/da01/.npm/Englishy_Parser/0.1.0/package.tgz
50 silly lockFile 52d39e10-pm-Englishy-Parser-0-1-0-package /home/da01/.npm/Englishy_Parser/0.1.0/package
51 verbose lock /home/da01/.npm/Englishy_Parser/0.1.0/package /home/da01/.npm/52d39e10-pm-Englishy-Parser-0-1-0-package.lock
52 silly lockFile 52d39e10-pm-Englishy-Parser-0-1-0-package /home/da01/.npm/Englishy_Parser/0.1.0/package
53 verbose tar unpack /home/da01/.npm/Englishy_Parser/0.1.0/package.tgz
54 silly lockFile 52d39e10-pm-Englishy-Parser-0-1-0-package /home/da01/.npm/Englishy_Parser/0.1.0/package
55 verbose lock /home/da01/.npm/Englishy_Parser/0.1.0/package /home/da01/.npm/52d39e10-pm-Englishy-Parser-0-1-0-package.lock
56 silly gunzTarPerm modes [ '755', '644' ]
57 silly gunzTarPerm extractEntry package.json
58 silly gunzTarPerm extractEntry .npmignore
59 silly gunzTarPerm extractEntry README.md
60 silly gunzTarPerm extractEntry lib/index.js
61 silly gunzTarPerm extractEntry src/index.coffee
62 silly gunzTarPerm extractEntry test/test.coffee
63 silly gunzTarPerm extractEntry watch.coffee
64 verbose read json /home/da01/.npm/Englishy_Parser/0.1.0/package/package.json
65 silly lockFile 52d39e10-pm-Englishy-Parser-0-1-0-package /home/da01/.npm/Englishy_Parser/0.1.0/package
66 silly shasum updated bytes 4214
67 info shasum b60153a08bc5c2043bfac3f7d9365cc86f25fdc2
67 info shasum /home/da01/.npm/Englishy_Parser/0.1.0/package.tgz
68 verbose from cache /home/da01/.npm/Englishy_Parser/0.1.0/package/package.json
69 verbose chmod /home/da01/.npm/Englishy_Parser/0.1.0/package.tgz 644
70 verbose chown /home/da01/.npm/Englishy_Parser/0.1.0/package.tgz [ 1000, 1000 ]
71 silly lockFile 3a52ce78- .
72 silly publish { name: 'Englishy_Parser',
72 silly publish   version: '0.1.0',
72 silly publish   description: 'A naive approach to parsing Englishy text.',
72 silly publish   main: 'lib/index.js',
72 silly publish   scripts: { test: 'mocha' },
72 silly publish   dependencies: {},
72 silly publish   devDependencies: {},
72 silly publish   repository: { type: 'git', url: 'https://github.com/da99/Englishy_Parser' },
72 silly publish   author: { name: 'da99' },
72 silly publish   license: 'BSD',
72 silly publish   readme: '\nEnglishy_Parser\n================\n\nA npm module providing simple line and blockquote parsing (w/o paragraphs):\n\n    This is a line.\n    This is a 2-line\n      line.\n    This is a line with a block:\n      \n      I am a block.\n      I am also part of a block.\n\n    # -->\n    [ \n      [ "This is a line", nil],\n      [ "This is a 2-line line", nil],\n      [ "This is a line with a block", "  I am a block.\\n  I am also part of a block."]\n    ]\n\nThe following raises `Englishy\\_Parser::Error`:\n\n          Bad indentation.\n          \n    # -----------------------\n    \n    Multi-line with an\n      \n      an empty line in between.\n\n    # -----------------------\n    \n    A block without:\n      surrounding blank lines.\n      \n\n\nInstallation\n------------\n\n    npm install Englishy_Parser\n\nUsage\n------\n\n    var ep = require("Englishy_Parser");\n    var parsed = new ep.Englishy(str);\n    parsed.lines; \n    // => [ ... ]\n\n\nRun Tests\n---------\n\n    git clone git@github.com:da99/Walt.git\n    cd Englishy_Parser\n    \n    sudo npm link\n    npm link Englishy_Parser\n    npm install\n\n    sudo npm install -g mocha\n    mocha  --watch --compilers coffee:coffee-script \n\nKnow of a better way?\n-----------------------------\n\nIf you know of existing software that makes the above redundant,\nplease tell me.\n\n',
72 silly publish   _id: 'Englishy_Parser@0.1.0',
72 silly publish   dist: { shasum: 'b60153a08bc5c2043bfac3f7d9365cc86f25fdc2' } }
73 verbose url raw Englishy_Parser
74 verbose url resolving [ 'https://registry.npmjs.org/', './Englishy_Parser' ]
75 verbose url resolved https://registry.npmjs.org/Englishy_Parser
76 info retry registry request attempt 1 at 09:55:21
77 http PUT https://registry.npmjs.org/Englishy_Parser
78 http 403 https://registry.npmjs.org/Englishy_Parser
79 error publish Failed PUT response 403
80 error Error: forbidden New packages must have all-lowercase names: Englishy_Parser
80 error     at RegClient.<anonymous> (/usr/lib/node_modules/npm/node_modules/npm-registry-client/lib/request.js:246:14)
80 error     at Request.init.self.callback (/usr/lib/node_modules/npm/node_modules/request/main.js:120:22)
80 error     at Request.EventEmitter.emit (events.js:91:17)
80 error     at Request.<anonymous> (/usr/lib/node_modules/npm/node_modules/request/main.js:555:16)
80 error     at Request.EventEmitter.emit (events.js:88:17)
80 error     at IncomingMessage.Request.start.self.req.self.httpModule.request.buffer (/usr/lib/node_modules/npm/node_modules/request/main.js:517:14)
80 error     at IncomingMessage.EventEmitter.emit (events.js:115:20)
80 error     at IncomingMessage._emitEnd (http.js:366:10)
80 error     at HTTPParser.parserOnMessageComplete [as onMessageComplete] (http.js:149:23)
80 error     at CleartextStream.socketOnData [as ondata] (http.js:1356:20)
81 error If you need help, you may report this log at:
81 error     <http://github.com/isaacs/npm/issues>
81 error or email it to:
81 error     <npm-@googlegroups.com>
82 error System Linux 3.2.0-27-generic
83 error command "node" "/usr/bin/npm" "publish"
84 error cwd /home/da01/MyLife/apps/GEMS/Englishy_Parser
85 error node -v v0.8.4
86 error npm -v 1.1.45
87 verbose exit [ 1, true ]
